# JRE version: OpenJDK Runtime Environment (22.0.2+9) (build 22.0.2+9-70)
# Java VM: OpenJDK 64-Bit Server VM (22.0.2+9-70, mixed mode, sharing, tiered, compressed oops, compressed class ptrs, g1 gc, windows-amd64)
GC Precious Log:
 CardTable entry size: 512
 Card Set container configuration: InlinePtr #cards 5 size 8 Array Of Cards #cards 12 size 40 Howl #buckets 4 coarsen threshold 1843 Howl Bitmap #cards 512 size 80 coarsen threshold 460 Card regions per heap region 1 cards per card region 2048
 CPUs: 8 total, 8 available
 Memory: 6057M
 Large Page Support: Disabled
 NUMA Support: Disabled
 Compressed Oops: Enabled (32-bit)
 Heap Region Size: 1M
 Heap Min Capacity: 8M
 Heap Initial Capacity: 96M
 Heap Max Capacity: 2G
 Pre-touch: Disabled
 Parallel Workers: 8
 Concurrent Workers: 2
 Concurrent Refinement Workers: 8
 Periodic GC: Disabled
Heap:
 garbage-first heap   total reserved 2097152K, committed 289792K, used 136505K [0x0000000080000000, 0x0000000100000000)
  region size 1024K, 36 young (36864K), 20 survivors (20480K)
 Metaspace       used 126284K, committed 128576K, reserved 1179648K
  class space    used 16517K, committed 17600K, reserved 1048576K
GC Heap History (20 events):
Event: 23.758 GC heap before
{Heap before GC invocations=39 (full 0):
 garbage-first heap   total reserved 2097152K, committed 157696K, used 130355K [0x0000000080000000, 0x0000000100000000)
  region size 1024K, 39 young (39936K), 2 survivors (2048K)
 Metaspace       used 112234K, committed 114432K, reserved 1179648K
  class space    used 14947K, committed 16000K, reserved 1048576K
}
Event: 23.762 GC heap after
{Heap after GC invocations=40 (full 0):
 garbage-first heap   total reserved 2097152K, committed 157696K, used 93464K [0x0000000080000000, 0x0000000100000000)
  region size 1024K, 4 young (4096K), 4 survivors (4096K)
 Metaspace       used 112234K, committed 114432K, reserved 1179648K
  class space    used 14947K, committed 16000K, reserved 1048576K
}
Event: 24.944 GC heap before
{Heap before GC invocations=40 (full 0):
 garbage-first heap   total reserved 2097152K, committed 157696K, used 137496K [0x0000000080000000, 0x0000000100000000)
  region size 1024K, 48 young (49152K), 4 survivors (4096K)
 Metaspace       used 116639K, committed 118912K, reserved 1179648K
  class space    used 15429K, committed 16512K, reserved 1048576K
}
Event: 24.956 GC heap after
{Heap after GC invocations=41 (full 0):
 garbage-first heap   total reserved 2097152K, committed 157696K, used 88852K [0x0000000080000000, 0x0000000100000000)
  region size 1024K, 6 young (6144K), 6 survivors (6144K)
 Metaspace       used 116639K, committed 118912K, reserved 1179648K
  class space    used 15429K, committed 16512K, reserved 1048576K
}
Event: 37.021 GC heap before
{Heap before GC invocations=41 (full 0):
 garbage-first heap   total reserved 2097152K, committed 157696K, used 138004K [0x0000000080000000, 0x0000000100000000)
  region size 1024K, 54 young (55296K), 6 survivors (6144K)
 Metaspace       used 124568K, committed 126848K, reserved 1179648K
  class space    used 16370K, committed 17472K, reserved 1048576K
}
Event: 37.035 GC heap after
{Heap after GC invocations=42 (full 0):
 garbage-first heap   total reserved 2097152K, committed 157696K, used 96513K [0x0000000080000000, 0x0000000100000000)
  region size 1024K, 7 young (7168K), 7 survivors (7168K)
 Metaspace       used 124568K, committed 126848K, reserved 1179648K
  class space    used 16370K, committed 17472K, reserved 1048576K
}
Event: 42.874 GC heap before
{Heap before GC invocations=43 (full 0):
 garbage-first heap   total reserved 2097152K, committed 162816K, used 140545K [0x0000000080000000, 0x0000000100000000)
  region size 1024K, 50 young (51200K), 7 survivors (7168K)
 Metaspace       used 125710K, committed 127936K, reserved 1179648K
  class space    used 16485K, committed 17536K, reserved 1048576K
}
Event: 42.884 GC heap after
{Heap after GC invocations=44 (full 0):
 garbage-first heap   total reserved 2097152K, committed 162816K, used 100352K [0x0000000080000000, 0x0000000100000000)
  region size 1024K, 3 young (3072K), 3 survivors (3072K)
 Metaspace       used 125710K, committed 127936K, reserved 1179648K
  class space    used 16485K, committed 17536K, reserved 1048576K
}
Event: 43.220 GC heap before
{Heap before GC invocations=44 (full 0):
 garbage-first heap   total reserved 2097152K, committed 162816K, used 147456K [0x0000000080000000, 0x0000000100000000)
  region size 1024K, 49 young (50176K), 3 survivors (3072K)
 Metaspace       used 125737K, committed 127936K, reserved 1179648K
  class space    used 16485K, committed 17536K, reserved 1048576K
}
Event: 43.228 GC heap after
{Heap after GC invocations=45 (full 0):
 garbage-first heap   total reserved 2097152K, committed 162816K, used 101835K [0x0000000080000000, 0x0000000100000000)
  region size 1024K, 5 young (5120K), 5 survivors (5120K)
 Metaspace       used 125737K, committed 127936K, reserved 1179648K
  class space    used 16485K, committed 17536K, reserved 1048576K
}
Event: 43.523 GC heap before
{Heap before GC invocations=45 (full 0):
 garbage-first heap   total reserved 2097152K, committed 162816K, used 146891K [0x0000000080000000, 0x0000000100000000)
  region size 1024K, 49 young (50176K), 5 survivors (5120K)
 Metaspace       used 125738K, committed 127936K, reserved 1179648K
  class space    used 16485K, committed 17536K, reserved 1048576K
}
Event: 43.532 GC heap after
{Heap after GC invocations=46 (full 0):
 garbage-first heap   total reserved 2097152K, committed 289792K, used 102593K [0x0000000080000000, 0x0000000100000000)
  region size 1024K, 4 young (4096K), 4 survivors (4096K)
 Metaspace       used 125738K, committed 127936K, reserved 1179648K
  class space    used 16485K, committed 17536K, reserved 1048576K
}
Event: 44.387 GC heap before
{Heap before GC invocations=47 (full 0):
 garbage-first heap   total reserved 2097152K, committed 289792K, used 248001K [0x0000000080000000, 0x0000000100000000)
  region size 1024K, 147 young (150528K), 4 survivors (4096K)
 Metaspace       used 125847K, committed 128128K, reserved 1179648K
  class space    used 16486K, committed 17536K, reserved 1048576K
}
Event: 44.397 GC heap after
{Heap after GC invocations=48 (full 0):
 garbage-first heap   total reserved 2097152K, committed 289792K, used 106976K [0x0000000080000000, 0x0000000100000000)
  region size 1024K, 8 young (8192K), 8 survivors (8192K)
 Metaspace       used 125847K, committed 128128K, reserved 1179648K
  class space    used 16486K, committed 17536K, reserved 1048576K
}
Event: 45.288 GC heap before
{Heap before GC invocations=48 (full 0):
 garbage-first heap   total reserved 2097152K, committed 289792K, used 265696K [0x0000000080000000, 0x0000000100000000)
  region size 1024K, 161 young (164864K), 8 survivors (8192K)
 Metaspace       used 126047K, committed 128320K, reserved 1179648K
  class space    used 16486K, committed 17536K, reserved 1048576K
}
Event: 45.301 GC heap after
{Heap after GC invocations=49 (full 0):
 garbage-first heap   total reserved 2097152K, committed 289792K, used 108300K [0x0000000080000000, 0x0000000100000000)
  region size 1024K, 13 young (13312K), 13 survivors (13312K)
 Metaspace       used 126047K, committed 128320K, reserved 1179648K
  class space    used 16486K, committed 17536K, reserved 1048576K
}
Event: 45.869 GC heap before
{Heap before GC invocations=49 (full 0):
 garbage-first heap   total reserved 2097152K, committed 289792K, used 258828K [0x0000000080000000, 0x0000000100000000)
  region size 1024K, 161 young (164864K), 13 survivors (13312K)
 Metaspace       used 126074K, committed 128320K, reserved 1179648K
  class space    used 16486K, committed 17536K, reserved 1048576K
}
Event: 45.880 GC heap after
{Heap after GC invocations=50 (full 0):
 garbage-first heap   total reserved 2097152K, committed 289792K, used 110998K [0x0000000080000000, 0x0000000100000000)
  region size 1024K, 14 young (14336K), 14 survivors (14336K)
 Metaspace       used 126074K, committed 128320K, reserved 1179648K
  class space    used 16486K, committed 17536K, reserved 1048576K
}
Event: 46.887 GC heap before
{Heap before GC invocations=51 (full 0):
 garbage-first heap   total reserved 2097152K, committed 289792K, used 258454K [0x0000000080000000, 0x0000000100000000)
  region size 1024K, 159 young (162816K), 14 survivors (14336K)
 Metaspace       used 126284K, committed 128576K, reserved 1179648K
  class space    used 16517K, committed 17600K, reserved 1048576K
}
Event: 46.910 GC heap after
{Heap after GC invocations=52 (full 0):
 garbage-first heap   total reserved 2097152K, committed 289792K, used 122169K [0x0000000080000000, 0x0000000100000000)
  region size 1024K, 20 young (20480K), 20 survivors (20480K)
 Metaspace       used 126284K, committed 128576K, reserved 1179648K
  class space    used 16517K, committed 17600K, reserved 1048576K
}

