# JRE version: OpenJDK Runtime Environment (21.0.4) (build 21.0.4+-12508038-b607.1)
# Java VM: OpenJDK 64-Bit Server VM (21.0.4+-12508038-b607.1, mixed mode, tiered, compressed oops, compressed class ptrs, g1 gc, windows-amd64)
GC Precious Log:
 CardTable entry size: 512
 Card Set container configuration: InlinePtr #cards 5 size 8 Array Of Cards #cards 12 size 40 Howl #buckets 4 coarsen threshold 1843 Howl Bitmap #cards 512 size 80 coarsen threshold 460 Card regions per heap region 1 cards per card region 2048
 CPUs: 8 total, 8 available
 Memory: 6057M
 Large Page Support: Disabled
 NUMA Support: Disabled
 Compressed Oops: Enabled (32-bit)
 Heap Region Size: 1M
 Heap Min Capacity: 8M
 Heap Initial Capacity: 96M
 Heap Max Capacity: 1516M
 Pre-touch: Disabled
 Parallel Workers: 8
 Concurrent Workers: 2
 Concurrent Refinement Workers: 8
 Periodic GC: Disabled
Heap:
 garbage-first heap   total 285696K, used 205538K [0x00000000a1400000, 0x0000000100000000)
  region size 1024K, 21 young (21504K), 8 survivors (8192K)
 Metaspace       used 63371K, committed 63744K, reserved 1114112K
  class space    used 6982K, committed 7168K, reserved 1048576K
GC Heap History (20 events):
Event: 14.326 GC heap before
{Heap before GC invocations=21 (full 0):
 garbage-first heap   total 176128K, used 141720K [0x00000000a1400000, 0x0000000100000000)
  region size 1024K, 69 young (70656K), 3 survivors (3072K)
 Metaspace       used 54777K, committed 55104K, reserved 1114112K
  class space    used 6128K, committed 6272K, reserved 1048576K
}
Event: 14.348 GC heap after
{Heap after GC invocations=22 (full 0):
 garbage-first heap   total 176128K, used 91542K [0x00000000a1400000, 0x0000000100000000)
  region size 1024K, 9 young (9216K), 9 survivors (9216K)
 Metaspace       used 54777K, committed 55104K, reserved 1114112K
  class space    used 6128K, committed 6272K, reserved 1048576K
}
Event: 15.418 GC heap before
{Heap before GC invocations=22 (full 0):
 garbage-first heap   total 176128K, used 139670K [0x00000000a1400000, 0x0000000100000000)
  region size 1024K, 56 young (57344K), 9 survivors (9216K)
 Metaspace       used 55950K, committed 56256K, reserved 1114112K
  class space    used 6246K, committed 6400K, reserved 1048576K
}
Event: 15.439 GC heap after
{Heap after GC invocations=23 (full 0):
 garbage-first heap   total 176128K, used 102912K [0x00000000a1400000, 0x0000000100000000)
  region size 1024K, 7 young (7168K), 7 survivors (7168K)
 Metaspace       used 55950K, committed 56256K, reserved 1114112K
  class space    used 6246K, committed 6400K, reserved 1048576K
}
Event: 17.267 GC heap before
{Heap before GC invocations=23 (full 0):
 garbage-first heap   total 176128K, used 145920K [0x00000000a1400000, 0x0000000100000000)
  region size 1024K, 49 young (50176K), 7 survivors (7168K)
 Metaspace       used 57806K, committed 58176K, reserved 1114112K
  class space    used 6354K, committed 6528K, reserved 1048576K
}
Event: 17.289 GC heap after
{Heap after GC invocations=24 (full 0):
 garbage-first heap   total 176128K, used 111616K [0x00000000a1400000, 0x0000000100000000)
  region size 1024K, 7 young (7168K), 7 survivors (7168K)
 Metaspace       used 57806K, committed 58176K, reserved 1114112K
  class space    used 6354K, committed 6528K, reserved 1048576K
}
Event: 18.792 GC heap before
{Heap before GC invocations=24 (full 0):
 garbage-first heap   total 176128K, used 151552K [0x00000000a1400000, 0x0000000100000000)
  region size 1024K, 46 young (47104K), 7 survivors (7168K)
 Metaspace       used 61871K, committed 62208K, reserved 1114112K
  class space    used 6884K, committed 7040K, reserved 1048576K
}
Event: 18.810 GC heap after
{Heap after GC invocations=25 (full 0):
 garbage-first heap   total 176128K, used 118613K [0x00000000a1400000, 0x0000000100000000)
  region size 1024K, 6 young (6144K), 6 survivors (6144K)
 Metaspace       used 61871K, committed 62208K, reserved 1114112K
  class space    used 6884K, committed 7040K, reserved 1048576K
}
Event: 19.425 GC heap before
{Heap before GC invocations=26 (full 0):
 garbage-first heap   total 196608K, used 154453K [0x00000000a1400000, 0x0000000100000000)
  region size 1024K, 42 young (43008K), 6 survivors (6144K)
 Metaspace       used 62052K, committed 62336K, reserved 1114112K
  class space    used 6899K, committed 7040K, reserved 1048576K
}
Event: 19.445 GC heap after
{Heap after GC invocations=27 (full 0):
 garbage-first heap   total 196608K, used 125300K [0x00000000a1400000, 0x0000000100000000)
  region size 1024K, 6 young (6144K), 6 survivors (6144K)
 Metaspace       used 62052K, committed 62336K, reserved 1114112K
  class space    used 6899K, committed 7040K, reserved 1048576K
}
Event: 19.598 GC heap before
{Heap before GC invocations=27 (full 0):
 garbage-first heap   total 196608K, used 171380K [0x00000000a1400000, 0x0000000100000000)
  region size 1024K, 51 young (52224K), 6 survivors (6144K)
 Metaspace       used 62052K, committed 62336K, reserved 1114112K
  class space    used 6899K, committed 7040K, reserved 1048576K
}
Event: 19.618 GC heap after
{Heap after GC invocations=28 (full 0):
 garbage-first heap   total 196608K, used 136192K [0x00000000a1400000, 0x0000000100000000)
  region size 1024K, 7 young (7168K), 7 survivors (7168K)
 Metaspace       used 62052K, committed 62336K, reserved 1114112K
  class space    used 6899K, committed 7040K, reserved 1048576K
}
Event: 19.818 GC heap before
{Heap before GC invocations=28 (full 0):
 garbage-first heap   total 196608K, used 174080K [0x00000000a1400000, 0x0000000100000000)
  region size 1024K, 44 young (45056K), 7 survivors (7168K)
 Metaspace       used 62052K, committed 62336K, reserved 1114112K
  class space    used 6899K, committed 7040K, reserved 1048576K
}
Event: 19.835 GC heap after
{Heap after GC invocations=29 (full 0):
 garbage-first heap   total 285696K, used 146415K [0x00000000a1400000, 0x0000000100000000)
  region size 1024K, 6 young (6144K), 6 survivors (6144K)
 Metaspace       used 62052K, committed 62336K, reserved 1114112K
  class space    used 6899K, committed 7040K, reserved 1048576K
}
Event: 22.646 GC heap before
{Heap before GC invocations=30 (full 0):
 garbage-first heap   total 285696K, used 237551K [0x00000000a1400000, 0x0000000100000000)
  region size 1024K, 95 young (97280K), 6 survivors (6144K)
 Metaspace       used 62671K, committed 62976K, reserved 1114112K
  class space    used 6938K, committed 7104K, reserved 1048576K
}
Event: 22.702 GC heap after
{Heap after GC invocations=31 (full 0):
 garbage-first heap   total 285696K, used 165209K [0x00000000a1400000, 0x0000000100000000)
  region size 1024K, 12 young (12288K), 12 survivors (12288K)
 Metaspace       used 62671K, committed 62976K, reserved 1114112K
  class space    used 6938K, committed 7104K, reserved 1048576K
}
Event: 23.180 GC heap before
{Heap before GC invocations=31 (full 0):
 garbage-first heap   total 285696K, used 242009K [0x00000000a1400000, 0x0000000100000000)
  region size 1024K, 87 young (89088K), 12 survivors (12288K)
 Metaspace       used 62681K, committed 63040K, reserved 1114112K
  class space    used 6938K, committed 7104K, reserved 1048576K
}
Event: 23.210 GC heap after
{Heap after GC invocations=32 (full 0):
 garbage-first heap   total 285696K, used 184182K [0x00000000a1400000, 0x0000000100000000)
  region size 1024K, 11 young (11264K), 11 survivors (11264K)
 Metaspace       used 62681K, committed 63040K, reserved 1114112K
  class space    used 6938K, committed 7104K, reserved 1048576K
}
Event: 25.858 GC heap before
{Heap before GC invocations=32 (full 0):
 garbage-first heap   total 285696K, used 248694K [0x00000000a1400000, 0x0000000100000000)
  region size 1024K, 74 young (75776K), 11 survivors (11264K)
 Metaspace       used 63326K, committed 63744K, reserved 1114112K
  class space    used 6979K, committed 7168K, reserved 1048576K
}
Event: 25.881 GC heap after
{Heap after GC invocations=33 (full 0):
 garbage-first heap   total 285696K, used 193250K [0x00000000a1400000, 0x0000000100000000)
  region size 1024K, 8 young (8192K), 8 survivors (8192K)
 Metaspace       used 63326K, committed 63744K, reserved 1114112K
  class space    used 6979K, committed 7168K, reserved 1048576K
}

